2016-04-22 20:35:23,954 - [INFO] - from play in pool-4-thread-2 
Listening for HTTP on /0:0:0:0:0:0:0:0:9000

2016-04-22 20:37:11,808 - [INFO] - from play in play-internal-execution-context-1 
datasource [jdbc:h2:file:data/db;DB_CLOSE_DELAY=-1] bound to JNDI as DefaultDS

2016-04-22 20:37:14,160 - [INFO] - from play in play-internal-execution-context-1 
database [default] connected at jdbc:h2:file:data/db

2016-04-22 20:37:16,609 - [INFO] - from play in play-internal-execution-context-1 
Application started (Dev)

2016-04-22 20:37:18,098 - [INFO] - from application in play-akka.actor.default-dispatcher-5 
http://localhost:9034/users/getFriendRequests/userId/111

2016-04-22 20:37:28,621 - [INFO] - from application in play-akka.actor.default-dispatcher-5 
http://localhost:9034/mail/getInbox/111/json

2016-04-22 20:37:42,524 - [INFO] - from application in play-akka.actor.default-dispatcher-5 
500

2016-04-22 20:42:19,932 - [INFO] - from application in play-akka.actor.default-dispatcher-8 
http://localhost:9034/workflow/getTimeline/111/offset/0/json

2016-04-22 20:42:21,080 - [INFO] - from application in play-akka.actor.default-dispatcher-14 
http://localhost:9034/users/getFriendRequests/userId/111

2016-04-22 20:42:21,091 - [INFO] - from application in play-akka.actor.default-dispatcher-14 
http://localhost:9034/mail/getInbox/111/json

2016-04-22 20:42:21,137 - [INFO] - from application in play-akka.actor.default-dispatcher-13 
500

2016-04-22 20:42:24,602 - [INFO] - from application in play-akka.actor.default-dispatcher-14 
http://localhost:9034/users/getFriendRequests/userId/111

2016-04-22 20:42:24,613 - [INFO] - from application in play-akka.actor.default-dispatcher-14 
http://localhost:9034/mail/getInbox/111/json

2016-04-22 20:42:24,642 - [INFO] - from application in play-akka.actor.default-dispatcher-10 
500

2016-04-22 20:42:24,643 - [INFO] - from application in play-akka.actor.default-dispatcher-14 
http://localhost:9034/mail/getOutbox/111/json

2016-04-22 20:42:24,683 - [INFO] - from application in play-akka.actor.default-dispatcher-10 
500

2016-04-22 20:42:24,887 - [INFO] - from application in play-akka.actor.default-dispatcher-11 
http://localhost:9034/users/getFriendRequests/userId/111

2016-04-22 20:42:24,901 - [INFO] - from application in play-akka.actor.default-dispatcher-11 
http://localhost:9034/mail/getInbox/111/json

2016-04-22 20:42:25,018 - [INFO] - from application in play-akka.actor.default-dispatcher-12 
500

2016-04-22 20:42:36,342 - [INFO] - from application in play-akka.actor.default-dispatcher-15 
http://localhost:9034/users/getFriendRequests/userId/111

2016-04-22 20:42:36,358 - [INFO] - from application in play-akka.actor.default-dispatcher-15 
http://localhost:9034/mail/getInbox/111/json

2016-04-22 20:42:36,400 - [INFO] - from application in play-akka.actor.default-dispatcher-11 
500

2016-04-22 20:42:37,978 - [INFO] - from application in play-akka.actor.default-dispatcher-15 
http://localhost:9034/workflow/getTimeline/111/offset/0/json

2016-04-22 20:42:38,199 - [INFO] - from application in play-akka.actor.default-dispatcher-15 
http://localhost:9034/users/getFriendRequests/userId/111

2016-04-22 20:42:38,218 - [INFO] - from application in play-akka.actor.default-dispatcher-15 
http://localhost:9034/mail/getInbox/111/json

2016-04-22 20:42:38,268 - [INFO] - from application in play-akka.actor.default-dispatcher-11 
500

2016-04-22 20:42:55,009 - [INFO] - from application in play-akka.actor.default-dispatcher-21 
http://localhost:9034/users/getFriendRequests/userId/111

2016-04-22 20:42:55,033 - [INFO] - from application in play-akka.actor.default-dispatcher-21 
http://localhost:9034/mail/getInbox/111/json

2016-04-22 20:42:55,099 - [INFO] - from application in play-akka.actor.default-dispatcher-19 
500

2016-04-22 20:42:56,650 - [INFO] - from application in play-akka.actor.default-dispatcher-19 
http://localhost:9034/workflow/getTimeline/111/offset/0/json

2016-04-22 20:42:56,917 - [INFO] - from application in play-akka.actor.default-dispatcher-19 
http://localhost:9034/users/getFriendRequests/userId/111

2016-04-22 20:42:56,929 - [INFO] - from application in play-akka.actor.default-dispatcher-19 
http://localhost:9034/mail/getInbox/111/json

2016-04-22 20:42:56,954 - [INFO] - from application in play-akka.actor.default-dispatcher-18 
500

2016-04-22 20:43:58,781 - [DEBUG] - from application in play-akka.actor.default-dispatcher-21 
New user created

2016-04-22 20:44:07,942 - [INFO] - from application in play-akka.actor.default-dispatcher-21 
http://localhost:9034/workflow/getTimeline/111/offset/0/json

2016-04-22 20:44:08,101 - [INFO] - from application in play-akka.actor.default-dispatcher-24 
http://localhost:9034/users/getFriendRequests/userId/111

2016-04-22 20:44:08,135 - [INFO] - from application in play-akka.actor.default-dispatcher-24 
http://localhost:9034/mail/getInbox/111/json

2016-04-22 20:44:15,113 - [INFO] - from application in play-akka.actor.default-dispatcher-26 
http://localhost:9034/group/getGroupList/111/json

2016-04-22 20:44:15,279 - [INFO] - from application in play-akka.actor.default-dispatcher-26 
http://localhost:9034/users/getFriendRequests/userId/111

2016-04-22 20:44:15,293 - [INFO] - from application in play-akka.actor.default-dispatcher-26 
http://localhost:9034/mail/getInbox/111/json

2016-04-22 20:44:57,150 - [INFO] - from application in play-akka.actor.default-dispatcher-14 
http://localhost:9034/group/getGroupList/111/json

2016-04-22 20:44:57,274 - [INFO] - from application in play-akka.actor.default-dispatcher-36 
http://localhost:9034/users/getFriendRequests/userId/111

2016-04-22 20:44:57,290 - [INFO] - from application in play-akka.actor.default-dispatcher-36 
http://localhost:9034/mail/getInbox/111/json

2016-04-22 20:44:59,446 - [INFO] - from application in play-akka.actor.default-dispatcher-36 
http://localhost:9034/workflow/getPublicWorkflow/json

2016-04-22 20:44:59,640 - [INFO] - from application in play-akka.actor.default-dispatcher-14 
http://localhost:9034/users/getFriendRequests/userId/111

2016-04-22 20:44:59,666 - [INFO] - from application in play-akka.actor.default-dispatcher-14 
http://localhost:9034/mail/getInbox/111/json

2016-04-22 20:45:02,562 - [INFO] - from application in play-akka.actor.default-dispatcher-35 
http://localhost:9034/workflow/get/workflowID/2/userID/111/json

2016-04-22 20:45:02,634 - [INFO] - from application in play-akka.actor.default-dispatcher-35 
http://localhost:9034/workflow/getComments/2

2016-04-22 20:45:02,669 - [INFO] - from application in play-akka.actor.default-dispatcher-35 
http://localhost:9034/suggestion/getSuggestionForWorkflow/2

2016-04-22 20:45:02,883 - [INFO] - from application in play-akka.actor.default-dispatcher-33 
http://localhost:9034/users/getFriendRequests/userId/111

2016-04-22 20:45:02,898 - [INFO] - from application in play-akka.actor.default-dispatcher-33 
http://localhost:9034/mail/getInbox/111/json

2016-04-22 20:45:21,480 - [DEBUG] - from application in play-akka.actor.default-dispatcher-36 
New user created

2016-04-22 20:45:27,085 - [INFO] - from application in play-akka.actor.default-dispatcher-42 
http://localhost:9034/workflow/getTimeline/112/offset/0/json

2016-04-22 20:45:27,222 - [INFO] - from application in play-akka.actor.default-dispatcher-42 
http://localhost:9034/users/getFriendRequests/userId/112

2016-04-22 20:45:27,241 - [INFO] - from application in play-akka.actor.default-dispatcher-42 
http://localhost:9034/mail/getInbox/112/json

2016-04-22 20:45:28,915 - [INFO] - from application in play-akka.actor.default-dispatcher-38 
http://localhost:9034/workflow/getPublicWorkflow/json

2016-04-22 20:45:29,056 - [INFO] - from application in play-akka.actor.default-dispatcher-37 
http://localhost:9034/users/getFriendRequests/userId/112

2016-04-22 20:45:29,070 - [INFO] - from application in play-akka.actor.default-dispatcher-37 
http://localhost:9034/mail/getInbox/112/json

2016-04-22 20:45:31,451 - [INFO] - from application in play-akka.actor.default-dispatcher-38 
http://localhost:9034/workflow/get/workflowID/2/userID/112/json

2016-04-22 20:45:31,510 - [INFO] - from application in play-akka.actor.default-dispatcher-38 
http://localhost:9034/workflow/getComments/2

2016-04-22 20:45:31,522 - [INFO] - from application in play-akka.actor.default-dispatcher-38 
http://localhost:9034/suggestion/getSuggestionForWorkflow/2

2016-04-22 20:45:31,674 - [INFO] - from application in play-akka.actor.default-dispatcher-38 
http://localhost:9034/users/getFriendRequests/userId/112

2016-04-22 20:45:31,695 - [INFO] - from application in play-akka.actor.default-dispatcher-38 
http://localhost:9034/mail/getInbox/112/json

2016-04-22 20:45:43,960 - [INFO] - from application in play-akka.actor.default-dispatcher-42 
http://localhost:9034/workflow/get/workflowID/2/userID/112/json

2016-04-22 20:45:44,029 - [INFO] - from application in play-akka.actor.default-dispatcher-42 
http://localhost:9034/workflow/getComments/2

2016-04-22 20:45:44,040 - [INFO] - from application in play-akka.actor.default-dispatcher-42 
http://localhost:9034/suggestion/getSuggestionForWorkflow/2

2016-04-22 20:45:44,247 - [INFO] - from application in play-akka.actor.default-dispatcher-43 
http://localhost:9034/users/getFriendRequests/userId/112

2016-04-22 20:45:44,283 - [INFO] - from application in play-akka.actor.default-dispatcher-43 
http://localhost:9034/mail/getInbox/112/json

2016-04-22 20:45:56,957 - [INFO] - from application in play-akka.actor.default-dispatcher-42 
http://localhost:9034/workflow/getTimeline/111/offset/0/json

2016-04-22 20:45:57,140 - [INFO] - from application in play-akka.actor.default-dispatcher-43 
http://localhost:9034/users/getFriendRequests/userId/111

2016-04-22 20:45:57,163 - [INFO] - from application in play-akka.actor.default-dispatcher-43 
http://localhost:9034/mail/getInbox/111/json

2016-04-22 20:46:01,994 - [INFO] - from application in play-akka.actor.default-dispatcher-43 
http://localhost:9034/workflow/getPublicWorkflow/json

2016-04-22 20:46:02,162 - [INFO] - from application in play-akka.actor.default-dispatcher-43 
http://localhost:9034/users/getFriendRequests/userId/111

2016-04-22 20:46:02,177 - [INFO] - from application in play-akka.actor.default-dispatcher-43 
http://localhost:9034/mail/getInbox/111/json

2016-04-22 20:46:04,309 - [INFO] - from application in play-akka.actor.default-dispatcher-47 
http://localhost:9034/workflow/get/workflowID/2/userID/111/json

2016-04-22 20:46:04,380 - [INFO] - from application in play-akka.actor.default-dispatcher-47 
http://localhost:9034/workflow/getComments/2

2016-04-22 20:46:04,389 - [INFO] - from application in play-akka.actor.default-dispatcher-47 
http://localhost:9034/suggestion/getSuggestionForWorkflow/2

2016-04-22 20:46:04,588 - [INFO] - from application in play-akka.actor.default-dispatcher-44 
http://localhost:9034/users/getFriendRequests/userId/111

2016-04-22 20:46:04,603 - [INFO] - from application in play-akka.actor.default-dispatcher-44 
http://localhost:9034/mail/getInbox/111/json

