2016-04-22 20:36:29,406 - [INFO] - from play in pool-4-thread-2 
Listening for HTTP on /0:0:0:0:0:0:0:0:9034

2016-04-22 20:37:41,531 - [INFO] - from play in play-internal-execution-context-1 
Application started (Dev)

2016-04-22 20:37:42,269 - [ERROR] - from play in play-akka.actor.default-dispatcher-2 
Cannot invoke the action, eventually got an error: java.lang.NullPointerException

2016-04-22 20:37:42,366 - [ERROR] - from application in play-akka.actor.default-dispatcher-2 


! @6pofghg01 - Internal server error, for (GET) [/mail/getInbox/111/json] ->

play.api.Application$$anon$1: Execution exception[[NullPointerException: null]]
	at play.api.Application$class.handleError(Application.scala:296) ~[play_2.11-2.3.7.jar:2.3.7]
	at play.api.DefaultApplication.handleError(Application.scala:402) [play_2.11-2.3.7.jar:2.3.7]
	at play.core.server.netty.PlayDefaultUpstreamHandler$$anonfun$3$$anonfun$applyOrElse$4.apply(PlayDefaultUpstreamHandler.scala:320) [play_2.11-2.3.7.jar:2.3.7]
	at play.core.server.netty.PlayDefaultUpstreamHandler$$anonfun$3$$anonfun$applyOrElse$4.apply(PlayDefaultUpstreamHandler.scala:320) [play_2.11-2.3.7.jar:2.3.7]
	at scala.Option.map(Option.scala:145) [scala-library-2.11.4.jar:na]
	at play.core.server.netty.PlayDefaultUpstreamHandler$$anonfun$3.applyOrElse(PlayDefaultUpstreamHandler.scala:320) [play_2.11-2.3.7.jar:2.3.7]
	at play.core.server.netty.PlayDefaultUpstreamHandler$$anonfun$3.applyOrElse(PlayDefaultUpstreamHandler.scala:316) [play_2.11-2.3.7.jar:2.3.7]
	at scala.concurrent.Future$$anonfun$recoverWith$1.apply(Future.scala:344) [scala-library-2.11.4.jar:na]
	at scala.concurrent.Future$$anonfun$recoverWith$1.apply(Future.scala:343) [scala-library-2.11.4.jar:na]
	at scala.concurrent.impl.CallbackRunnable.run(Promise.scala:32) [scala-library-2.11.4.jar:na]
	at play.api.libs.iteratee.Execution$trampoline$.execute(Execution.scala:46) [play-iteratees_2.11-2.3.7.jar:2.3.7]
	at scala.concurrent.impl.CallbackRunnable.executeWithValue(Promise.scala:40) [scala-library-2.11.4.jar:na]
	at scala.concurrent.impl.Promise$DefaultPromise.tryComplete(Promise.scala:248) [scala-library-2.11.4.jar:na]
	at scala.concurrent.Promise$class.complete(Promise.scala:55) [scala-library-2.11.4.jar:na]
	at scala.concurrent.impl.Promise$DefaultPromise.complete(Promise.scala:153) [scala-library-2.11.4.jar:na]
	at scala.concurrent.impl.Future$PromiseCompletingRunnable.run(Future.scala:23) [scala-library-2.11.4.jar:na]
	at akka.dispatch.TaskInvocation.run(AbstractDispatcher.scala:41) [akka-actor_2.11-2.3.4.jar:na]
	at akka.dispatch.ForkJoinExecutorConfigurator$AkkaForkJoinTask.exec(AbstractDispatcher.scala:393) [akka-actor_2.11-2.3.4.jar:na]
	at scala.concurrent.forkjoin.ForkJoinTask.doExec(ForkJoinTask.java:260) [scala-library-2.11.4.jar:na]
	at scala.concurrent.forkjoin.ForkJoinPool$WorkQueue.runTask(ForkJoinPool.java:1339) [scala-library-2.11.4.jar:na]
	at scala.concurrent.forkjoin.ForkJoinPool.runWorker(ForkJoinPool.java:1979) [scala-library-2.11.4.jar:na]
	at scala.concurrent.forkjoin.ForkJoinWorkerThread.run(ForkJoinWorkerThread.java:107) [scala-library-2.11.4.jar:na]
Caused by: java.lang.NullPointerException: null
	at controllers.MailController.getInbox(MailController.java:107) ~[classes/:na]
	at Routes$$anonfun$routes$1$$anonfun$applyOrElse$66$$anonfun$apply$364.apply(routes_routing.scala:1162) ~[classes/:na]
	at Routes$$anonfun$routes$1$$anonfun$applyOrElse$66$$anonfun$apply$364.apply(routes_routing.scala:1162) ~[classes/:na]
	at play.core.Router$HandlerInvokerFactory$$anon$4.resultCall(Router.scala:264) ~[play_2.11-2.3.7.jar:2.3.7]
	at play.core.Router$HandlerInvokerFactory$JavaActionInvokerFactory$$anon$15$$anon$1.invocation(Router.scala:255) ~[play_2.11-2.3.7.jar:2.3.7]
	at play.core.j.JavaAction$$anon$1.call(JavaAction.scala:55) ~[play_2.11-2.3.7.jar:2.3.7]
	at play.GlobalSettings$1.call(GlobalSettings.java:67) ~[play_2.11-2.3.7.jar:2.3.7]
	at play.core.j.JavaAction$$anonfun$11.apply(JavaAction.scala:82) ~[play_2.11-2.3.7.jar:2.3.7]
	at play.core.j.JavaAction$$anonfun$11.apply(JavaAction.scala:82) ~[play_2.11-2.3.7.jar:2.3.7]
	at scala.concurrent.impl.Future$PromiseCompletingRunnable.liftedTree1$1(Future.scala:24) [scala-library-2.11.4.jar:na]
	at scala.concurrent.impl.Future$PromiseCompletingRunnable.run(Future.scala:24) [scala-library-2.11.4.jar:na]
	at play.core.j.HttpExecutionContext$$anon$2.run(HttpExecutionContext.scala:40) ~[play_2.11-2.3.7.jar:2.3.7]
	at play.api.libs.iteratee.Execution$trampoline$.execute(Execution.scala:46) [play-iteratees_2.11-2.3.7.jar:2.3.7]
	at play.core.j.HttpExecutionContext.execute(HttpExecutionContext.scala:32) ~[play_2.11-2.3.7.jar:2.3.7]
	at scala.concurrent.impl.Future$.apply(Future.scala:31) ~[scala-library-2.11.4.jar:na]
	at scala.concurrent.Future$.apply(Future.scala:492) ~[scala-library-2.11.4.jar:na]
	at play.core.j.JavaAction$class.apply(JavaAction.scala:82) ~[play_2.11-2.3.7.jar:2.3.7]
	at play.core.Router$HandlerInvokerFactory$JavaActionInvokerFactory$$anon$15$$anon$1.apply(Router.scala:252) ~[play_2.11-2.3.7.jar:2.3.7]
	at play.api.mvc.Action$$anonfun$apply$1$$anonfun$apply$4$$anonfun$apply$5.apply(Action.scala:130) ~[play_2.11-2.3.7.jar:2.3.7]
	at play.api.mvc.Action$$anonfun$apply$1$$anonfun$apply$4$$anonfun$apply$5.apply(Action.scala:130) ~[play_2.11-2.3.7.jar:2.3.7]
	at play.utils.Threads$.withContextClassLoader(Threads.scala:21) ~[play_2.11-2.3.7.jar:2.3.7]
	at play.api.mvc.Action$$anonfun$apply$1$$anonfun$apply$4.apply(Action.scala:129) ~[play_2.11-2.3.7.jar:2.3.7]
	at play.api.mvc.Action$$anonfun$apply$1$$anonfun$apply$4.apply(Action.scala:128) ~[play_2.11-2.3.7.jar:2.3.7]
	at scala.Option.map(Option.scala:145) [scala-library-2.11.4.jar:na]
	at play.api.mvc.Action$$anonfun$apply$1.apply(Action.scala:128) ~[play_2.11-2.3.7.jar:2.3.7]
	at play.api.mvc.Action$$anonfun$apply$1.apply(Action.scala:121) ~[play_2.11-2.3.7.jar:2.3.7]
	at play.api.libs.iteratee.Iteratee$$anonfun$mapM$1.apply(Iteratee.scala:483) ~[play-iteratees_2.11-2.3.7.jar:2.3.7]
	at play.api.libs.iteratee.Iteratee$$anonfun$mapM$1.apply(Iteratee.scala:483) ~[play-iteratees_2.11-2.3.7.jar:2.3.7]
	at play.api.libs.iteratee.Iteratee$$anonfun$flatMapM$1.apply(Iteratee.scala:519) ~[play-iteratees_2.11-2.3.7.jar:2.3.7]
	at play.api.libs.iteratee.Iteratee$$anonfun$flatMapM$1.apply(Iteratee.scala:519) ~[play-iteratees_2.11-2.3.7.jar:2.3.7]
	at play.api.libs.iteratee.Iteratee$$anonfun$flatMap$1$$anonfun$apply$14.apply(Iteratee.scala:496) ~[play-iteratees_2.11-2.3.7.jar:2.3.7]
	at play.api.libs.iteratee.Iteratee$$anonfun$flatMap$1$$anonfun$apply$14.apply(Iteratee.scala:496) ~[play-iteratees_2.11-2.3.7.jar:2.3.7]
	at scala.concurrent.impl.Future$PromiseCompletingRunnable.liftedTree1$1(Future.scala:24) [scala-library-2.11.4.jar:na]
	at scala.concurrent.impl.Future$PromiseCompletingRunnable.run(Future.scala:24) [scala-library-2.11.4.jar:na]
	... 6 common frames omitted

2016-04-22 20:42:21,106 - [ERROR] - from play in play-akka.actor.default-dispatcher-5 
Cannot invoke the action, eventually got an error: java.lang.NullPointerException

2016-04-22 20:42:21,123 - [ERROR] - from application in play-akka.actor.default-dispatcher-5 


! @6pofh7ca7 - Internal server error, for (GET) [/mail/getInbox/111/json] ->

play.api.Application$$anon$1: Execution exception[[NullPointerException: null]]
	at play.api.Application$class.handleError(Application.scala:296) ~[play_2.11-2.3.7.jar:2.3.7]
	at play.api.DefaultApplication.handleError(Application.scala:402) [play_2.11-2.3.7.jar:2.3.7]
	at play.core.server.netty.PlayDefaultUpstreamHandler$$anonfun$3$$anonfun$applyOrElse$4.apply(PlayDefaultUpstreamHandler.scala:320) [play_2.11-2.3.7.jar:2.3.7]
	at play.core.server.netty.PlayDefaultUpstreamHandler$$anonfun$3$$anonfun$applyOrElse$4.apply(PlayDefaultUpstreamHandler.scala:320) [play_2.11-2.3.7.jar:2.3.7]
	at scala.Option.map(Option.scala:145) [scala-library-2.11.4.jar:na]
	at play.core.server.netty.PlayDefaultUpstreamHandler$$anonfun$3.applyOrElse(PlayDefaultUpstreamHandler.scala:320) [play_2.11-2.3.7.jar:2.3.7]
	at play.core.server.netty.PlayDefaultUpstreamHandler$$anonfun$3.applyOrElse(PlayDefaultUpstreamHandler.scala:316) [play_2.11-2.3.7.jar:2.3.7]
	at scala.concurrent.Future$$anonfun$recoverWith$1.apply(Future.scala:344) [scala-library-2.11.4.jar:na]
	at scala.concurrent.Future$$anonfun$recoverWith$1.apply(Future.scala:343) [scala-library-2.11.4.jar:na]
	at scala.concurrent.impl.CallbackRunnable.run(Promise.scala:32) [scala-library-2.11.4.jar:na]
	at play.api.libs.iteratee.Execution$trampoline$.execute(Execution.scala:46) [play-iteratees_2.11-2.3.7.jar:2.3.7]
	at scala.concurrent.impl.CallbackRunnable.executeWithValue(Promise.scala:40) [scala-library-2.11.4.jar:na]
	at scala.concurrent.impl.Promise$DefaultPromise.tryComplete(Promise.scala:248) [scala-library-2.11.4.jar:na]
	at scala.concurrent.Promise$class.complete(Promise.scala:55) [scala-library-2.11.4.jar:na]
	at scala.concurrent.impl.Promise$DefaultPromise.complete(Promise.scala:153) [scala-library-2.11.4.jar:na]
	at scala.concurrent.impl.Future$PromiseCompletingRunnable.run(Future.scala:23) [scala-library-2.11.4.jar:na]
	at akka.dispatch.TaskInvocation.run(AbstractDispatcher.scala:41) [akka-actor_2.11-2.3.4.jar:na]
	at akka.dispatch.ForkJoinExecutorConfigurator$AkkaForkJoinTask.exec(AbstractDispatcher.scala:393) [akka-actor_2.11-2.3.4.jar:na]
	at scala.concurrent.forkjoin.ForkJoinTask.doExec(ForkJoinTask.java:260) [scala-library-2.11.4.jar:na]
	at scala.concurrent.forkjoin.ForkJoinPool$WorkQueue.runTask(ForkJoinPool.java:1339) [scala-library-2.11.4.jar:na]
	at scala.concurrent.forkjoin.ForkJoinPool.runWorker(ForkJoinPool.java:1979) [scala-library-2.11.4.jar:na]
	at scala.concurrent.forkjoin.ForkJoinWorkerThread.run(ForkJoinWorkerThread.java:107) [scala-library-2.11.4.jar:na]
Caused by: java.lang.NullPointerException: null
	at controllers.MailController.getInbox(MailController.java:107) ~[classes/:na]
	at Routes$$anonfun$routes$1$$anonfun$applyOrElse$66$$anonfun$apply$364.apply(routes_routing.scala:1162) ~[classes/:na]
	at Routes$$anonfun$routes$1$$anonfun$applyOrElse$66$$anonfun$apply$364.apply(routes_routing.scala:1162) ~[classes/:na]
	at play.core.Router$HandlerInvokerFactory$$anon$4.resultCall(Router.scala:264) ~[play_2.11-2.3.7.jar:2.3.7]
	at play.core.Router$HandlerInvokerFactory$JavaActionInvokerFactory$$anon$15$$anon$1.invocation(Router.scala:255) ~[play_2.11-2.3.7.jar:2.3.7]
	at play.core.j.JavaAction$$anon$1.call(JavaAction.scala:55) ~[play_2.11-2.3.7.jar:2.3.7]
	at play.GlobalSettings$1.call(GlobalSettings.java:67) ~[play_2.11-2.3.7.jar:2.3.7]
	at play.core.j.JavaAction$$anonfun$11.apply(JavaAction.scala:82) ~[play_2.11-2.3.7.jar:2.3.7]
	at play.core.j.JavaAction$$anonfun$11.apply(JavaAction.scala:82) ~[play_2.11-2.3.7.jar:2.3.7]
	at scala.concurrent.impl.Future$PromiseCompletingRunnable.liftedTree1$1(Future.scala:24) [scala-library-2.11.4.jar:na]
	at scala.concurrent.impl.Future$PromiseCompletingRunnable.run(Future.scala:24) [scala-library-2.11.4.jar:na]
	at play.core.j.HttpExecutionContext$$anon$2.run(HttpExecutionContext.scala:40) ~[play_2.11-2.3.7.jar:2.3.7]
	at play.api.libs.iteratee.Execution$trampoline$.execute(Execution.scala:46) [play-iteratees_2.11-2.3.7.jar:2.3.7]
	at play.core.j.HttpExecutionContext.execute(HttpExecutionContext.scala:32) ~[play_2.11-2.3.7.jar:2.3.7]
	at scala.concurrent.impl.Future$.apply(Future.scala:31) ~[scala-library-2.11.4.jar:na]
	at scala.concurrent.Future$.apply(Future.scala:492) ~[scala-library-2.11.4.jar:na]
	at play.core.j.JavaAction$class.apply(JavaAction.scala:82) ~[play_2.11-2.3.7.jar:2.3.7]
	at play.core.Router$HandlerInvokerFactory$JavaActionInvokerFactory$$anon$15$$anon$1.apply(Router.scala:252) ~[play_2.11-2.3.7.jar:2.3.7]
	at play.api.mvc.Action$$anonfun$apply$1$$anonfun$apply$4$$anonfun$apply$5.apply(Action.scala:130) ~[play_2.11-2.3.7.jar:2.3.7]
	at play.api.mvc.Action$$anonfun$apply$1$$anonfun$apply$4$$anonfun$apply$5.apply(Action.scala:130) ~[play_2.11-2.3.7.jar:2.3.7]
	at play.utils.Threads$.withContextClassLoader(Threads.scala:21) ~[play_2.11-2.3.7.jar:2.3.7]
	at play.api.mvc.Action$$anonfun$apply$1$$anonfun$apply$4.apply(Action.scala:129) ~[play_2.11-2.3.7.jar:2.3.7]
	at play.api.mvc.Action$$anonfun$apply$1$$anonfun$apply$4.apply(Action.scala:128) ~[play_2.11-2.3.7.jar:2.3.7]
	at scala.Option.map(Option.scala:145) [scala-library-2.11.4.jar:na]
	at play.api.mvc.Action$$anonfun$apply$1.apply(Action.scala:128) ~[play_2.11-2.3.7.jar:2.3.7]
	at play.api.mvc.Action$$anonfun$apply$1.apply(Action.scala:121) ~[play_2.11-2.3.7.jar:2.3.7]
	at play.api.libs.iteratee.Iteratee$$anonfun$mapM$1.apply(Iteratee.scala:483) ~[play-iteratees_2.11-2.3.7.jar:2.3.7]
	at play.api.libs.iteratee.Iteratee$$anonfun$mapM$1.apply(Iteratee.scala:483) ~[play-iteratees_2.11-2.3.7.jar:2.3.7]
	at play.api.libs.iteratee.Iteratee$$anonfun$flatMapM$1.apply(Iteratee.scala:519) ~[play-iteratees_2.11-2.3.7.jar:2.3.7]
	at play.api.libs.iteratee.Iteratee$$anonfun$flatMapM$1.apply(Iteratee.scala:519) ~[play-iteratees_2.11-2.3.7.jar:2.3.7]
	at play.api.libs.iteratee.Iteratee$$anonfun$flatMap$1$$anonfun$apply$14.apply(Iteratee.scala:496) ~[play-iteratees_2.11-2.3.7.jar:2.3.7]
	at play.api.libs.iteratee.Iteratee$$anonfun$flatMap$1$$anonfun$apply$14.apply(Iteratee.scala:496) ~[play-iteratees_2.11-2.3.7.jar:2.3.7]
	at scala.concurrent.impl.Future$PromiseCompletingRunnable.liftedTree1$1(Future.scala:24) [scala-library-2.11.4.jar:na]
	at scala.concurrent.impl.Future$PromiseCompletingRunnable.run(Future.scala:24) [scala-library-2.11.4.jar:na]
	... 6 common frames omitted

2016-04-22 20:42:24,622 - [ERROR] - from play in play-akka.actor.default-dispatcher-5 
Cannot invoke the action, eventually got an error: java.lang.NullPointerException

2016-04-22 20:42:24,629 - [ERROR] - from application in play-akka.actor.default-dispatcher-5 


! @6pofh7hf4 - Internal server error, for (GET) [/mail/getInbox/111/json] ->

play.api.Application$$anon$1: Execution exception[[NullPointerException: null]]
	at play.api.Application$class.handleError(Application.scala:296) ~[play_2.11-2.3.7.jar:2.3.7]
	at play.api.DefaultApplication.handleError(Application.scala:402) [play_2.11-2.3.7.jar:2.3.7]
	at play.core.server.netty.PlayDefaultUpstreamHandler$$anonfun$3$$anonfun$applyOrElse$4.apply(PlayDefaultUpstreamHandler.scala:320) [play_2.11-2.3.7.jar:2.3.7]
	at play.core.server.netty.PlayDefaultUpstreamHandler$$anonfun$3$$anonfun$applyOrElse$4.apply(PlayDefaultUpstreamHandler.scala:320) [play_2.11-2.3.7.jar:2.3.7]
	at scala.Option.map(Option.scala:145) [scala-library-2.11.4.jar:na]
	at play.core.server.netty.PlayDefaultUpstreamHandler$$anonfun$3.applyOrElse(PlayDefaultUpstreamHandler.scala:320) [play_2.11-2.3.7.jar:2.3.7]
	at play.core.server.netty.PlayDefaultUpstreamHandler$$anonfun$3.applyOrElse(PlayDefaultUpstreamHandler.scala:316) [play_2.11-2.3.7.jar:2.3.7]
	at scala.concurrent.Future$$anonfun$recoverWith$1.apply(Future.scala:344) [scala-library-2.11.4.jar:na]
	at scala.concurrent.Future$$anonfun$recoverWith$1.apply(Future.scala:343) [scala-library-2.11.4.jar:na]
	at scala.concurrent.impl.CallbackRunnable.run(Promise.scala:32) [scala-library-2.11.4.jar:na]
	at play.api.libs.iteratee.Execution$trampoline$.execute(Execution.scala:46) [play-iteratees_2.11-2.3.7.jar:2.3.7]
	at scala.concurrent.impl.CallbackRunnable.executeWithValue(Promise.scala:40) [scala-library-2.11.4.jar:na]
	at scala.concurrent.impl.Promise$DefaultPromise.tryComplete(Promise.scala:248) [scala-library-2.11.4.jar:na]
	at scala.concurrent.Promise$class.complete(Promise.scala:55) [scala-library-2.11.4.jar:na]
	at scala.concurrent.impl.Promise$DefaultPromise.complete(Promise.scala:153) [scala-library-2.11.4.jar:na]
	at scala.concurrent.impl.Future$PromiseCompletingRunnable.run(Future.scala:23) [scala-library-2.11.4.jar:na]
	at akka.dispatch.TaskInvocation.run(AbstractDispatcher.scala:41) [akka-actor_2.11-2.3.4.jar:na]
	at akka.dispatch.ForkJoinExecutorConfigurator$AkkaForkJoinTask.exec(AbstractDispatcher.scala:393) [akka-actor_2.11-2.3.4.jar:na]
	at scala.concurrent.forkjoin.ForkJoinTask.doExec(ForkJoinTask.java:260) [scala-library-2.11.4.jar:na]
	at scala.concurrent.forkjoin.ForkJoinPool$WorkQueue.runTask(ForkJoinPool.java:1339) [scala-library-2.11.4.jar:na]
	at scala.concurrent.forkjoin.ForkJoinPool.runWorker(ForkJoinPool.java:1979) [scala-library-2.11.4.jar:na]
	at scala.concurrent.forkjoin.ForkJoinWorkerThread.run(ForkJoinWorkerThread.java:107) [scala-library-2.11.4.jar:na]
Caused by: java.lang.NullPointerException: null
	at controllers.MailController.getInbox(MailController.java:107) ~[classes/:na]
	at Routes$$anonfun$routes$1$$anonfun$applyOrElse$66$$anonfun$apply$364.apply(routes_routing.scala:1162) ~[classes/:na]
	at Routes$$anonfun$routes$1$$anonfun$applyOrElse$66$$anonfun$apply$364.apply(routes_routing.scala:1162) ~[classes/:na]
	at play.core.Router$HandlerInvokerFactory$$anon$4.resultCall(Router.scala:264) ~[play_2.11-2.3.7.jar:2.3.7]
	at play.core.Router$HandlerInvokerFactory$JavaActionInvokerFactory$$anon$15$$anon$1.invocation(Router.scala:255) ~[play_2.11-2.3.7.jar:2.3.7]
	at play.core.j.JavaAction$$anon$1.call(JavaAction.scala:55) ~[play_2.11-2.3.7.jar:2.3.7]
	at play.GlobalSettings$1.call(GlobalSettings.java:67) ~[play_2.11-2.3.7.jar:2.3.7]
	at play.core.j.JavaAction$$anonfun$11.apply(JavaAction.scala:82) ~[play_2.11-2.3.7.jar:2.3.7]
	at play.core.j.JavaAction$$anonfun$11.apply(JavaAction.scala:82) ~[play_2.11-2.3.7.jar:2.3.7]
	at scala.concurrent.impl.Future$PromiseCompletingRunnable.liftedTree1$1(Future.scala:24) [scala-library-2.11.4.jar:na]
	at scala.concurrent.impl.Future$PromiseCompletingRunnable.run(Future.scala:24) [scala-library-2.11.4.jar:na]
	at play.core.j.HttpExecutionContext$$anon$2.run(HttpExecutionContext.scala:40) ~[play_2.11-2.3.7.jar:2.3.7]
	at play.api.libs.iteratee.Execution$trampoline$.execute(Execution.scala:46) [play-iteratees_2.11-2.3.7.jar:2.3.7]
	at play.core.j.HttpExecutionContext.execute(HttpExecutionContext.scala:32) ~[play_2.11-2.3.7.jar:2.3.7]
	at scala.concurrent.impl.Future$.apply(Future.scala:31) ~[scala-library-2.11.4.jar:na]
	at scala.concurrent.Future$.apply(Future.scala:492) ~[scala-library-2.11.4.jar:na]
	at play.core.j.JavaAction$class.apply(JavaAction.scala:82) ~[play_2.11-2.3.7.jar:2.3.7]
	at play.core.Router$HandlerInvokerFactory$JavaActionInvokerFactory$$anon$15$$anon$1.apply(Router.scala:252) ~[play_2.11-2.3.7.jar:2.3.7]
	at play.api.mvc.Action$$anonfun$apply$1$$anonfun$apply$4$$anonfun$apply$5.apply(Action.scala:130) ~[play_2.11-2.3.7.jar:2.3.7]
	at play.api.mvc.Action$$anonfun$apply$1$$anonfun$apply$4$$anonfun$apply$5.apply(Action.scala:130) ~[play_2.11-2.3.7.jar:2.3.7]
	at play.utils.Threads$.withContextClassLoader(Threads.scala:21) ~[play_2.11-2.3.7.jar:2.3.7]
	at play.api.mvc.Action$$anonfun$apply$1$$anonfun$apply$4.apply(Action.scala:129) ~[play_2.11-2.3.7.jar:2.3.7]
	at play.api.mvc.Action$$anonfun$apply$1$$anonfun$apply$4.apply(Action.scala:128) ~[play_2.11-2.3.7.jar:2.3.7]
	at scala.Option.map(Option.scala:145) [scala-library-2.11.4.jar:na]
	at play.api.mvc.Action$$anonfun$apply$1.apply(Action.scala:128) ~[play_2.11-2.3.7.jar:2.3.7]
	at play.api.mvc.Action$$anonfun$apply$1.apply(Action.scala:121) ~[play_2.11-2.3.7.jar:2.3.7]
	at play.api.libs.iteratee.Iteratee$$anonfun$mapM$1.apply(Iteratee.scala:483) ~[play-iteratees_2.11-2.3.7.jar:2.3.7]
	at play.api.libs.iteratee.Iteratee$$anonfun$mapM$1.apply(Iteratee.scala:483) ~[play-iteratees_2.11-2.3.7.jar:2.3.7]
	at play.api.libs.iteratee.Iteratee$$anonfun$flatMapM$1.apply(Iteratee.scala:519) ~[play-iteratees_2.11-2.3.7.jar:2.3.7]
	at play.api.libs.iteratee.Iteratee$$anonfun$flatMapM$1.apply(Iteratee.scala:519) ~[play-iteratees_2.11-2.3.7.jar:2.3.7]
	at play.api.libs.iteratee.Iteratee$$anonfun$flatMap$1$$anonfun$apply$14.apply(Iteratee.scala:496) ~[play-iteratees_2.11-2.3.7.jar:2.3.7]
	at play.api.libs.iteratee.Iteratee$$anonfun$flatMap$1$$anonfun$apply$14.apply(Iteratee.scala:496) ~[play-iteratees_2.11-2.3.7.jar:2.3.7]
	at scala.concurrent.impl.Future$PromiseCompletingRunnable.liftedTree1$1(Future.scala:24) [scala-library-2.11.4.jar:na]
	at scala.concurrent.impl.Future$PromiseCompletingRunnable.run(Future.scala:24) [scala-library-2.11.4.jar:na]
	... 6 common frames omitted

2016-04-22 20:42:24,664 - [ERROR] - from play in play-akka.actor.default-dispatcher-5 
Cannot invoke the action, eventually got an error: java.lang.NullPointerException

2016-04-22 20:42:24,670 - [ERROR] - from application in play-akka.actor.default-dispatcher-5 


! @6pofh7hgi - Internal server error, for (GET) [/mail/getOutbox/111/json] ->

play.api.Application$$anon$1: Execution exception[[NullPointerException: null]]
	at play.api.Application$class.handleError(Application.scala:296) ~[play_2.11-2.3.7.jar:2.3.7]
	at play.api.DefaultApplication.handleError(Application.scala:402) [play_2.11-2.3.7.jar:2.3.7]
	at play.core.server.netty.PlayDefaultUpstreamHandler$$anonfun$3$$anonfun$applyOrElse$4.apply(PlayDefaultUpstreamHandler.scala:320) [play_2.11-2.3.7.jar:2.3.7]
	at play.core.server.netty.PlayDefaultUpstreamHandler$$anonfun$3$$anonfun$applyOrElse$4.apply(PlayDefaultUpstreamHandler.scala:320) [play_2.11-2.3.7.jar:2.3.7]
	at scala.Option.map(Option.scala:145) [scala-library-2.11.4.jar:na]
	at play.core.server.netty.PlayDefaultUpstreamHandler$$anonfun$3.applyOrElse(PlayDefaultUpstreamHandler.scala:320) [play_2.11-2.3.7.jar:2.3.7]
	at play.core.server.netty.PlayDefaultUpstreamHandler$$anonfun$3.applyOrElse(PlayDefaultUpstreamHandler.scala:316) [play_2.11-2.3.7.jar:2.3.7]
	at scala.concurrent.Future$$anonfun$recoverWith$1.apply(Future.scala:344) [scala-library-2.11.4.jar:na]
	at scala.concurrent.Future$$anonfun$recoverWith$1.apply(Future.scala:343) [scala-library-2.11.4.jar:na]
	at scala.concurrent.impl.CallbackRunnable.run(Promise.scala:32) [scala-library-2.11.4.jar:na]
	at play.api.libs.iteratee.Execution$trampoline$.execute(Execution.scala:46) [play-iteratees_2.11-2.3.7.jar:2.3.7]
	at scala.concurrent.impl.CallbackRunnable.executeWithValue(Promise.scala:40) [scala-library-2.11.4.jar:na]
	at scala.concurrent.impl.Promise$DefaultPromise.tryComplete(Promise.scala:248) [scala-library-2.11.4.jar:na]
	at scala.concurrent.Promise$class.complete(Promise.scala:55) [scala-library-2.11.4.jar:na]
	at scala.concurrent.impl.Promise$DefaultPromise.complete(Promise.scala:153) [scala-library-2.11.4.jar:na]
	at scala.concurrent.impl.Future$PromiseCompletingRunnable.run(Future.scala:23) [scala-library-2.11.4.jar:na]
	at akka.dispatch.TaskInvocation.run(AbstractDispatcher.scala:41) [akka-actor_2.11-2.3.4.jar:na]
	at akka.dispatch.ForkJoinExecutorConfigurator$AkkaForkJoinTask.exec(AbstractDispatcher.scala:393) [akka-actor_2.11-2.3.4.jar:na]
	at scala.concurrent.forkjoin.ForkJoinTask.doExec(ForkJoinTask.java:260) [scala-library-2.11.4.jar:na]
	at scala.concurrent.forkjoin.ForkJoinPool$WorkQueue.runTask(ForkJoinPool.java:1339) [scala-library-2.11.4.jar:na]
	at scala.concurrent.forkjoin.ForkJoinPool.runWorker(ForkJoinPool.java:1979) [scala-library-2.11.4.jar:na]
	at scala.concurrent.forkjoin.ForkJoinWorkerThread.run(ForkJoinWorkerThread.java:107) [scala-library-2.11.4.jar:na]
Caused by: java.lang.NullPointerException: null
	at controllers.MailController.getOutbox(MailController.java:129) ~[classes/:na]
	at Routes$$anonfun$routes$1$$anonfun$applyOrElse$67$$anonfun$apply$367.apply(routes_routing.scala:1170) ~[classes/:na]
	at Routes$$anonfun$routes$1$$anonfun$applyOrElse$67$$anonfun$apply$367.apply(routes_routing.scala:1170) ~[classes/:na]
	at play.core.Router$HandlerInvokerFactory$$anon$4.resultCall(Router.scala:264) ~[play_2.11-2.3.7.jar:2.3.7]
	at play.core.Router$HandlerInvokerFactory$JavaActionInvokerFactory$$anon$15$$anon$1.invocation(Router.scala:255) ~[play_2.11-2.3.7.jar:2.3.7]
	at play.core.j.JavaAction$$anon$1.call(JavaAction.scala:55) ~[play_2.11-2.3.7.jar:2.3.7]
	at play.GlobalSettings$1.call(GlobalSettings.java:67) ~[play_2.11-2.3.7.jar:2.3.7]
	at play.core.j.JavaAction$$anonfun$11.apply(JavaAction.scala:82) ~[play_2.11-2.3.7.jar:2.3.7]
	at play.core.j.JavaAction$$anonfun$11.apply(JavaAction.scala:82) ~[play_2.11-2.3.7.jar:2.3.7]
	at scala.concurrent.impl.Future$PromiseCompletingRunnable.liftedTree1$1(Future.scala:24) [scala-library-2.11.4.jar:na]
	at scala.concurrent.impl.Future$PromiseCompletingRunnable.run(Future.scala:24) [scala-library-2.11.4.jar:na]
	at play.core.j.HttpExecutionContext$$anon$2.run(HttpExecutionContext.scala:40) ~[play_2.11-2.3.7.jar:2.3.7]
	at play.api.libs.iteratee.Execution$trampoline$.execute(Execution.scala:46) [play-iteratees_2.11-2.3.7.jar:2.3.7]
	at play.core.j.HttpExecutionContext.execute(HttpExecutionContext.scala:32) ~[play_2.11-2.3.7.jar:2.3.7]
	at scala.concurrent.impl.Future$.apply(Future.scala:31) ~[scala-library-2.11.4.jar:na]
	at scala.concurrent.Future$.apply(Future.scala:492) ~[scala-library-2.11.4.jar:na]
	at play.core.j.JavaAction$class.apply(JavaAction.scala:82) ~[play_2.11-2.3.7.jar:2.3.7]
	at play.core.Router$HandlerInvokerFactory$JavaActionInvokerFactory$$anon$15$$anon$1.apply(Router.scala:252) ~[play_2.11-2.3.7.jar:2.3.7]
	at play.api.mvc.Action$$anonfun$apply$1$$anonfun$apply$4$$anonfun$apply$5.apply(Action.scala:130) ~[play_2.11-2.3.7.jar:2.3.7]
	at play.api.mvc.Action$$anonfun$apply$1$$anonfun$apply$4$$anonfun$apply$5.apply(Action.scala:130) ~[play_2.11-2.3.7.jar:2.3.7]
	at play.utils.Threads$.withContextClassLoader(Threads.scala:21) ~[play_2.11-2.3.7.jar:2.3.7]
	at play.api.mvc.Action$$anonfun$apply$1$$anonfun$apply$4.apply(Action.scala:129) ~[play_2.11-2.3.7.jar:2.3.7]
	at play.api.mvc.Action$$anonfun$apply$1$$anonfun$apply$4.apply(Action.scala:128) ~[play_2.11-2.3.7.jar:2.3.7]
	at scala.Option.map(Option.scala:145) [scala-library-2.11.4.jar:na]
	at play.api.mvc.Action$$anonfun$apply$1.apply(Action.scala:128) ~[play_2.11-2.3.7.jar:2.3.7]
	at play.api.mvc.Action$$anonfun$apply$1.apply(Action.scala:121) ~[play_2.11-2.3.7.jar:2.3.7]
	at play.api.libs.iteratee.Iteratee$$anonfun$mapM$1.apply(Iteratee.scala:483) ~[play-iteratees_2.11-2.3.7.jar:2.3.7]
	at play.api.libs.iteratee.Iteratee$$anonfun$mapM$1.apply(Iteratee.scala:483) ~[play-iteratees_2.11-2.3.7.jar:2.3.7]
	at play.api.libs.iteratee.Iteratee$$anonfun$flatMapM$1.apply(Iteratee.scala:519) ~[play-iteratees_2.11-2.3.7.jar:2.3.7]
	at play.api.libs.iteratee.Iteratee$$anonfun$flatMapM$1.apply(Iteratee.scala:519) ~[play-iteratees_2.11-2.3.7.jar:2.3.7]
	at play.api.libs.iteratee.Iteratee$$anonfun$flatMap$1$$anonfun$apply$14.apply(Iteratee.scala:496) ~[play-iteratees_2.11-2.3.7.jar:2.3.7]
	at play.api.libs.iteratee.Iteratee$$anonfun$flatMap$1$$anonfun$apply$14.apply(Iteratee.scala:496) ~[play-iteratees_2.11-2.3.7.jar:2.3.7]
	at scala.concurrent.impl.Future$PromiseCompletingRunnable.liftedTree1$1(Future.scala:24) [scala-library-2.11.4.jar:na]
	at scala.concurrent.impl.Future$PromiseCompletingRunnable.run(Future.scala:24) [scala-library-2.11.4.jar:na]
	... 6 common frames omitted

2016-04-22 20:42:24,916 - [ERROR] - from play in play-akka.actor.default-dispatcher-7 
Cannot invoke the action, eventually got an error: java.lang.NullPointerException

2016-04-22 20:42:24,967 - [ERROR] - from application in play-akka.actor.default-dispatcher-7 


! @6pofh7i23 - Internal server error, for (GET) [/mail/getInbox/111/json] ->

play.api.Application$$anon$1: Execution exception[[NullPointerException: null]]
	at play.api.Application$class.handleError(Application.scala:296) ~[play_2.11-2.3.7.jar:2.3.7]
	at play.api.DefaultApplication.handleError(Application.scala:402) [play_2.11-2.3.7.jar:2.3.7]
	at play.core.server.netty.PlayDefaultUpstreamHandler$$anonfun$3$$anonfun$applyOrElse$4.apply(PlayDefaultUpstreamHandler.scala:320) [play_2.11-2.3.7.jar:2.3.7]
	at play.core.server.netty.PlayDefaultUpstreamHandler$$anonfun$3$$anonfun$applyOrElse$4.apply(PlayDefaultUpstreamHandler.scala:320) [play_2.11-2.3.7.jar:2.3.7]
	at scala.Option.map(Option.scala:145) [scala-library-2.11.4.jar:na]
	at play.core.server.netty.PlayDefaultUpstreamHandler$$anonfun$3.applyOrElse(PlayDefaultUpstreamHandler.scala:320) [play_2.11-2.3.7.jar:2.3.7]
	at play.core.server.netty.PlayDefaultUpstreamHandler$$anonfun$3.applyOrElse(PlayDefaultUpstreamHandler.scala:316) [play_2.11-2.3.7.jar:2.3.7]
	at scala.concurrent.Future$$anonfun$recoverWith$1.apply(Future.scala:344) [scala-library-2.11.4.jar:na]
	at scala.concurrent.Future$$anonfun$recoverWith$1.apply(Future.scala:343) [scala-library-2.11.4.jar:na]
	at scala.concurrent.impl.CallbackRunnable.run(Promise.scala:32) [scala-library-2.11.4.jar:na]
	at play.api.libs.iteratee.Execution$trampoline$.execute(Execution.scala:46) [play-iteratees_2.11-2.3.7.jar:2.3.7]
	at scala.concurrent.impl.CallbackRunnable.executeWithValue(Promise.scala:40) [scala-library-2.11.4.jar:na]
	at scala.concurrent.impl.Promise$DefaultPromise.tryComplete(Promise.scala:248) [scala-library-2.11.4.jar:na]
	at scala.concurrent.Promise$class.complete(Promise.scala:55) [scala-library-2.11.4.jar:na]
	at scala.concurrent.impl.Promise$DefaultPromise.complete(Promise.scala:153) [scala-library-2.11.4.jar:na]
	at scala.concurrent.impl.Future$PromiseCompletingRunnable.run(Future.scala:23) [scala-library-2.11.4.jar:na]
	at akka.dispatch.TaskInvocation.run(AbstractDispatcher.scala:41) [akka-actor_2.11-2.3.4.jar:na]
	at akka.dispatch.ForkJoinExecutorConfigurator$AkkaForkJoinTask.exec(AbstractDispatcher.scala:393) [akka-actor_2.11-2.3.4.jar:na]
	at scala.concurrent.forkjoin.ForkJoinTask.doExec(ForkJoinTask.java:260) [scala-library-2.11.4.jar:na]
	at scala.concurrent.forkjoin.ForkJoinPool$WorkQueue.runTask(ForkJoinPool.java:1339) [scala-library-2.11.4.jar:na]
	at scala.concurrent.forkjoin.ForkJoinPool.runWorker(ForkJoinPool.java:1979) [scala-library-2.11.4.jar:na]
	at scala.concurrent.forkjoin.ForkJoinWorkerThread.run(ForkJoinWorkerThread.java:107) [scala-library-2.11.4.jar:na]
Caused by: java.lang.NullPointerException: null
	at controllers.MailController.getInbox(MailController.java:107) ~[classes/:na]
	at Routes$$anonfun$routes$1$$anonfun$applyOrElse$66$$anonfun$apply$364.apply(routes_routing.scala:1162) ~[classes/:na]
	at Routes$$anonfun$routes$1$$anonfun$applyOrElse$66$$anonfun$apply$364.apply(routes_routing.scala:1162) ~[classes/:na]
	at play.core.Router$HandlerInvokerFactory$$anon$4.resultCall(Router.scala:264) ~[play_2.11-2.3.7.jar:2.3.7]
	at play.core.Router$HandlerInvokerFactory$JavaActionInvokerFactory$$anon$15$$anon$1.invocation(Router.scala:255) ~[play_2.11-2.3.7.jar:2.3.7]
	at play.core.j.JavaAction$$anon$1.call(JavaAction.scala:55) ~[play_2.11-2.3.7.jar:2.3.7]
	at play.GlobalSettings$1.call(GlobalSettings.java:67) ~[play_2.11-2.3.7.jar:2.3.7]
	at play.core.j.JavaAction$$anonfun$11.apply(JavaAction.scala:82) ~[play_2.11-2.3.7.jar:2.3.7]
	at play.core.j.JavaAction$$anonfun$11.apply(JavaAction.scala:82) ~[play_2.11-2.3.7.jar:2.3.7]
	at scala.concurrent.impl.Future$PromiseCompletingRunnable.liftedTree1$1(Future.scala:24) [scala-library-2.11.4.jar:na]
	at scala.concurrent.impl.Future$PromiseCompletingRunnable.run(Future.scala:24) [scala-library-2.11.4.jar:na]
	at play.core.j.HttpExecutionContext$$anon$2.run(HttpExecutionContext.scala:40) ~[play_2.11-2.3.7.jar:2.3.7]
	at play.api.libs.iteratee.Execution$trampoline$.execute(Execution.scala:46) [play-iteratees_2.11-2.3.7.jar:2.3.7]
	at play.core.j.HttpExecutionContext.execute(HttpExecutionContext.scala:32) ~[play_2.11-2.3.7.jar:2.3.7]
	at scala.concurrent.impl.Future$.apply(Future.scala:31) ~[scala-library-2.11.4.jar:na]
	at scala.concurrent.Future$.apply(Future.scala:492) ~[scala-library-2.11.4.jar:na]
	at play.core.j.JavaAction$class.apply(JavaAction.scala:82) ~[play_2.11-2.3.7.jar:2.3.7]
	at play.core.Router$HandlerInvokerFactory$JavaActionInvokerFactory$$anon$15$$anon$1.apply(Router.scala:252) ~[play_2.11-2.3.7.jar:2.3.7]
	at play.api.mvc.Action$$anonfun$apply$1$$anonfun$apply$4$$anonfun$apply$5.apply(Action.scala:130) ~[play_2.11-2.3.7.jar:2.3.7]
	at play.api.mvc.Action$$anonfun$apply$1$$anonfun$apply$4$$anonfun$apply$5.apply(Action.scala:130) ~[play_2.11-2.3.7.jar:2.3.7]
	at play.utils.Threads$.withContextClassLoader(Threads.scala:21) ~[play_2.11-2.3.7.jar:2.3.7]
	at play.api.mvc.Action$$anonfun$apply$1$$anonfun$apply$4.apply(Action.scala:129) ~[play_2.11-2.3.7.jar:2.3.7]
	at play.api.mvc.Action$$anonfun$apply$1$$anonfun$apply$4.apply(Action.scala:128) ~[play_2.11-2.3.7.jar:2.3.7]
	at scala.Option.map(Option.scala:145) [scala-library-2.11.4.jar:na]
	at play.api.mvc.Action$$anonfun$apply$1.apply(Action.scala:128) ~[play_2.11-2.3.7.jar:2.3.7]
	at play.api.mvc.Action$$anonfun$apply$1.apply(Action.scala:121) ~[play_2.11-2.3.7.jar:2.3.7]
	at play.api.libs.iteratee.Iteratee$$anonfun$mapM$1.apply(Iteratee.scala:483) ~[play-iteratees_2.11-2.3.7.jar:2.3.7]
	at play.api.libs.iteratee.Iteratee$$anonfun$mapM$1.apply(Iteratee.scala:483) ~[play-iteratees_2.11-2.3.7.jar:2.3.7]
	at play.api.libs.iteratee.Iteratee$$anonfun$flatMapM$1.apply(Iteratee.scala:519) ~[play-iteratees_2.11-2.3.7.jar:2.3.7]
	at play.api.libs.iteratee.Iteratee$$anonfun$flatMapM$1.apply(Iteratee.scala:519) ~[play-iteratees_2.11-2.3.7.jar:2.3.7]
	at play.api.libs.iteratee.Iteratee$$anonfun$flatMap$1$$anonfun$apply$14.apply(Iteratee.scala:496) ~[play-iteratees_2.11-2.3.7.jar:2.3.7]
	at play.api.libs.iteratee.Iteratee$$anonfun$flatMap$1$$anonfun$apply$14.apply(Iteratee.scala:496) ~[play-iteratees_2.11-2.3.7.jar:2.3.7]
	at scala.concurrent.impl.Future$PromiseCompletingRunnable.liftedTree1$1(Future.scala:24) [scala-library-2.11.4.jar:na]
	at scala.concurrent.impl.Future$PromiseCompletingRunnable.run(Future.scala:24) [scala-library-2.11.4.jar:na]
	... 6 common frames omitted

2016-04-22 20:42:36,368 - [ERROR] - from play in play-akka.actor.default-dispatcher-5 
Cannot invoke the action, eventually got an error: java.lang.NullPointerException

2016-04-22 20:42:36,377 - [ERROR] - from application in play-akka.actor.default-dispatcher-5 


! @6pofh88oo - Internal server error, for (GET) [/mail/getInbox/111/json] ->

play.api.Application$$anon$1: Execution exception[[NullPointerException: null]]
	at play.api.Application$class.handleError(Application.scala:296) ~[play_2.11-2.3.7.jar:2.3.7]
	at play.api.DefaultApplication.handleError(Application.scala:402) [play_2.11-2.3.7.jar:2.3.7]
	at play.core.server.netty.PlayDefaultUpstreamHandler$$anonfun$3$$anonfun$applyOrElse$4.apply(PlayDefaultUpstreamHandler.scala:320) [play_2.11-2.3.7.jar:2.3.7]
	at play.core.server.netty.PlayDefaultUpstreamHandler$$anonfun$3$$anonfun$applyOrElse$4.apply(PlayDefaultUpstreamHandler.scala:320) [play_2.11-2.3.7.jar:2.3.7]
	at scala.Option.map(Option.scala:145) [scala-library-2.11.4.jar:na]
	at play.core.server.netty.PlayDefaultUpstreamHandler$$anonfun$3.applyOrElse(PlayDefaultUpstreamHandler.scala:320) [play_2.11-2.3.7.jar:2.3.7]
	at play.core.server.netty.PlayDefaultUpstreamHandler$$anonfun$3.applyOrElse(PlayDefaultUpstreamHandler.scala:316) [play_2.11-2.3.7.jar:2.3.7]
	at scala.concurrent.Future$$anonfun$recoverWith$1.apply(Future.scala:344) [scala-library-2.11.4.jar:na]
	at scala.concurrent.Future$$anonfun$recoverWith$1.apply(Future.scala:343) [scala-library-2.11.4.jar:na]
	at scala.concurrent.impl.CallbackRunnable.run(Promise.scala:32) [scala-library-2.11.4.jar:na]
	at play.api.libs.iteratee.Execution$trampoline$.execute(Execution.scala:46) [play-iteratees_2.11-2.3.7.jar:2.3.7]
	at scala.concurrent.impl.CallbackRunnable.executeWithValue(Promise.scala:40) [scala-library-2.11.4.jar:na]
	at scala.concurrent.impl.Promise$DefaultPromise.tryComplete(Promise.scala:248) [scala-library-2.11.4.jar:na]
	at scala.concurrent.Promise$class.complete(Promise.scala:55) [scala-library-2.11.4.jar:na]
	at scala.concurrent.impl.Promise$DefaultPromise.complete(Promise.scala:153) [scala-library-2.11.4.jar:na]
	at scala.concurrent.impl.Future$PromiseCompletingRunnable.run(Future.scala:23) [scala-library-2.11.4.jar:na]
	at akka.dispatch.TaskInvocation.run(AbstractDispatcher.scala:41) [akka-actor_2.11-2.3.4.jar:na]
	at akka.dispatch.ForkJoinExecutorConfigurator$AkkaForkJoinTask.exec(AbstractDispatcher.scala:393) [akka-actor_2.11-2.3.4.jar:na]
	at scala.concurrent.forkjoin.ForkJoinTask.doExec(ForkJoinTask.java:260) [scala-library-2.11.4.jar:na]
	at scala.concurrent.forkjoin.ForkJoinPool$WorkQueue.runTask(ForkJoinPool.java:1339) [scala-library-2.11.4.jar:na]
	at scala.concurrent.forkjoin.ForkJoinPool.runWorker(ForkJoinPool.java:1979) [scala-library-2.11.4.jar:na]
	at scala.concurrent.forkjoin.ForkJoinWorkerThread.run(ForkJoinWorkerThread.java:107) [scala-library-2.11.4.jar:na]
Caused by: java.lang.NullPointerException: null
	at controllers.MailController.getInbox(MailController.java:107) ~[classes/:na]
	at Routes$$anonfun$routes$1$$anonfun$applyOrElse$66$$anonfun$apply$364.apply(routes_routing.scala:1162) ~[classes/:na]
	at Routes$$anonfun$routes$1$$anonfun$applyOrElse$66$$anonfun$apply$364.apply(routes_routing.scala:1162) ~[classes/:na]
	at play.core.Router$HandlerInvokerFactory$$anon$4.resultCall(Router.scala:264) ~[play_2.11-2.3.7.jar:2.3.7]
	at play.core.Router$HandlerInvokerFactory$JavaActionInvokerFactory$$anon$15$$anon$1.invocation(Router.scala:255) ~[play_2.11-2.3.7.jar:2.3.7]
	at play.core.j.JavaAction$$anon$1.call(JavaAction.scala:55) ~[play_2.11-2.3.7.jar:2.3.7]
	at play.GlobalSettings$1.call(GlobalSettings.java:67) ~[play_2.11-2.3.7.jar:2.3.7]
	at play.core.j.JavaAction$$anonfun$11.apply(JavaAction.scala:82) ~[play_2.11-2.3.7.jar:2.3.7]
	at play.core.j.JavaAction$$anonfun$11.apply(JavaAction.scala:82) ~[play_2.11-2.3.7.jar:2.3.7]
	at scala.concurrent.impl.Future$PromiseCompletingRunnable.liftedTree1$1(Future.scala:24) [scala-library-2.11.4.jar:na]
	at scala.concurrent.impl.Future$PromiseCompletingRunnable.run(Future.scala:24) [scala-library-2.11.4.jar:na]
	at play.core.j.HttpExecutionContext$$anon$2.run(HttpExecutionContext.scala:40) ~[play_2.11-2.3.7.jar:2.3.7]
	at play.api.libs.iteratee.Execution$trampoline$.execute(Execution.scala:46) [play-iteratees_2.11-2.3.7.jar:2.3.7]
	at play.core.j.HttpExecutionContext.execute(HttpExecutionContext.scala:32) ~[play_2.11-2.3.7.jar:2.3.7]
	at scala.concurrent.impl.Future$.apply(Future.scala:31) ~[scala-library-2.11.4.jar:na]
	at scala.concurrent.Future$.apply(Future.scala:492) ~[scala-library-2.11.4.jar:na]
	at play.core.j.JavaAction$class.apply(JavaAction.scala:82) ~[play_2.11-2.3.7.jar:2.3.7]
	at play.core.Router$HandlerInvokerFactory$JavaActionInvokerFactory$$anon$15$$anon$1.apply(Router.scala:252) ~[play_2.11-2.3.7.jar:2.3.7]
	at play.api.mvc.Action$$anonfun$apply$1$$anonfun$apply$4$$anonfun$apply$5.apply(Action.scala:130) ~[play_2.11-2.3.7.jar:2.3.7]
	at play.api.mvc.Action$$anonfun$apply$1$$anonfun$apply$4$$anonfun$apply$5.apply(Action.scala:130) ~[play_2.11-2.3.7.jar:2.3.7]
	at play.utils.Threads$.withContextClassLoader(Threads.scala:21) ~[play_2.11-2.3.7.jar:2.3.7]
	at play.api.mvc.Action$$anonfun$apply$1$$anonfun$apply$4.apply(Action.scala:129) ~[play_2.11-2.3.7.jar:2.3.7]
	at play.api.mvc.Action$$anonfun$apply$1$$anonfun$apply$4.apply(Action.scala:128) ~[play_2.11-2.3.7.jar:2.3.7]
	at scala.Option.map(Option.scala:145) [scala-library-2.11.4.jar:na]
	at play.api.mvc.Action$$anonfun$apply$1.apply(Action.scala:128) ~[play_2.11-2.3.7.jar:2.3.7]
	at play.api.mvc.Action$$anonfun$apply$1.apply(Action.scala:121) ~[play_2.11-2.3.7.jar:2.3.7]
	at play.api.libs.iteratee.Iteratee$$anonfun$mapM$1.apply(Iteratee.scala:483) ~[play-iteratees_2.11-2.3.7.jar:2.3.7]
	at play.api.libs.iteratee.Iteratee$$anonfun$mapM$1.apply(Iteratee.scala:483) ~[play-iteratees_2.11-2.3.7.jar:2.3.7]
	at play.api.libs.iteratee.Iteratee$$anonfun$flatMapM$1.apply(Iteratee.scala:519) ~[play-iteratees_2.11-2.3.7.jar:2.3.7]
	at play.api.libs.iteratee.Iteratee$$anonfun$flatMapM$1.apply(Iteratee.scala:519) ~[play-iteratees_2.11-2.3.7.jar:2.3.7]
	at play.api.libs.iteratee.Iteratee$$anonfun$flatMap$1$$anonfun$apply$14.apply(Iteratee.scala:496) ~[play-iteratees_2.11-2.3.7.jar:2.3.7]
	at play.api.libs.iteratee.Iteratee$$anonfun$flatMap$1$$anonfun$apply$14.apply(Iteratee.scala:496) ~[play-iteratees_2.11-2.3.7.jar:2.3.7]
	at scala.concurrent.impl.Future$PromiseCompletingRunnable.liftedTree1$1(Future.scala:24) [scala-library-2.11.4.jar:na]
	at scala.concurrent.impl.Future$PromiseCompletingRunnable.run(Future.scala:24) [scala-library-2.11.4.jar:na]
	... 6 common frames omitted

2016-04-22 20:42:38,225 - [ERROR] - from play in New I/O worker #1 
Cannot invoke the action, eventually got an error: java.lang.NullPointerException

2016-04-22 20:42:38,246 - [ERROR] - from application in New I/O worker #1 


! @6pofh8bil - Internal server error, for (GET) [/mail/getInbox/111/json] ->

play.api.Application$$anon$1: Execution exception[[NullPointerException: null]]
	at play.api.Application$class.handleError(Application.scala:296) ~[play_2.11-2.3.7.jar:2.3.7]
	at play.api.DefaultApplication.handleError(Application.scala:402) [play_2.11-2.3.7.jar:2.3.7]
	at play.core.server.netty.PlayDefaultUpstreamHandler$$anonfun$3$$anonfun$applyOrElse$4.apply(PlayDefaultUpstreamHandler.scala:320) [play_2.11-2.3.7.jar:2.3.7]
	at play.core.server.netty.PlayDefaultUpstreamHandler$$anonfun$3$$anonfun$applyOrElse$4.apply(PlayDefaultUpstreamHandler.scala:320) [play_2.11-2.3.7.jar:2.3.7]
	at scala.Option.map(Option.scala:145) [scala-library-2.11.4.jar:na]
	at play.core.server.netty.PlayDefaultUpstreamHandler$$anonfun$3.applyOrElse(PlayDefaultUpstreamHandler.scala:320) [play_2.11-2.3.7.jar:2.3.7]
	at play.core.server.netty.PlayDefaultUpstreamHandler$$anonfun$3.applyOrElse(PlayDefaultUpstreamHandler.scala:316) [play_2.11-2.3.7.jar:2.3.7]
	at scala.concurrent.Future$$anonfun$recoverWith$1.apply(Future.scala:344) [scala-library-2.11.4.jar:na]
	at scala.concurrent.Future$$anonfun$recoverWith$1.apply(Future.scala:343) [scala-library-2.11.4.jar:na]
	at scala.concurrent.impl.CallbackRunnable.run(Promise.scala:32) [scala-library-2.11.4.jar:na]
	at play.api.libs.iteratee.Execution$trampoline$.execute(Execution.scala:46) [play-iteratees_2.11-2.3.7.jar:2.3.7]
	at scala.concurrent.impl.CallbackRunnable.executeWithValue(Promise.scala:40) [scala-library-2.11.4.jar:na]
	at scala.concurrent.impl.Promise$DefaultPromise.scala$concurrent$impl$Promise$DefaultPromise$$dispatchOrAddCallback(Promise.scala:280) [scala-library-2.11.4.jar:na]
	at scala.concurrent.impl.Promise$DefaultPromise.onComplete(Promise.scala:270) [scala-library-2.11.4.jar:na]
	at scala.concurrent.Future$class.recoverWith(Future.scala:343) [scala-library-2.11.4.jar:na]
	at scala.concurrent.impl.Promise$DefaultPromise.recoverWith(Promise.scala:153) [scala-library-2.11.4.jar:na]
	at play.core.server.netty.PlayDefaultUpstreamHandler.play$core$server$netty$PlayDefaultUpstreamHandler$$handleAction$1(PlayDefaultUpstreamHandler.scala:316) [play_2.11-2.3.7.jar:2.3.7]
	at play.core.server.netty.PlayDefaultUpstreamHandler.messageReceived(PlayDefaultUpstreamHandler.scala:209) [play_2.11-2.3.7.jar:2.3.7]
	at org.jboss.netty.channel.SimpleChannelUpstreamHandler.handleUpstream(SimpleChannelUpstreamHandler.java:70) [netty-3.9.3.Final.jar:na]
	at org.jboss.netty.channel.DefaultChannelPipeline.sendUpstream(DefaultChannelPipeline.java:564) [netty-3.9.3.Final.jar:na]
	at org.jboss.netty.channel.DefaultChannelPipeline$DefaultChannelHandlerContext.sendUpstream(DefaultChannelPipeline.java:791) [netty-3.9.3.Final.jar:na]
	at com.typesafe.netty.http.pipelining.HttpPipeliningHandler.messageReceived(HttpPipeliningHandler.java:62) [netty-http-pipelining-1.1.2.jar:na]
	at org.jboss.netty.channel.SimpleChannelHandler.handleUpstream(SimpleChannelHandler.java:88) [netty-3.9.3.Final.jar:na]
	at org.jboss.netty.channel.DefaultChannelPipeline.sendUpstream(DefaultChannelPipeline.java:564) [netty-3.9.3.Final.jar:na]
	at org.jboss.netty.channel.DefaultChannelPipeline$DefaultChannelHandlerContext.sendUpstream(DefaultChannelPipeline.java:791) [netty-3.9.3.Final.jar:na]
	at org.jboss.netty.handler.codec.http.HttpContentDecoder.messageReceived(HttpContentDecoder.java:108) [netty-3.9.3.Final.jar:na]
	at org.jboss.netty.channel.SimpleChannelUpstreamHandler.handleUpstream(SimpleChannelUpstreamHandler.java:70) [netty-3.9.3.Final.jar:na]
	at org.jboss.netty.channel.DefaultChannelPipeline.sendUpstream(DefaultChannelPipeline.java:564) [netty-3.9.3.Final.jar:na]
	at org.jboss.netty.channel.DefaultChannelPipeline$DefaultChannelHandlerContext.sendUpstream(DefaultChannelPipeline.java:791) [netty-3.9.3.Final.jar:na]
	at org.jboss.netty.channel.Channels.fireMessageReceived(Channels.java:296) [netty-3.9.3.Final.jar:na]
	at org.jboss.netty.handler.codec.frame.FrameDecoder.unfoldAndFireMessageReceived(FrameDecoder.java:459) [netty-3.9.3.Final.jar:na]
	at org.jboss.netty.handler.codec.replay.ReplayingDecoder.callDecode(ReplayingDecoder.java:536) [netty-3.9.3.Final.jar:na]
	at org.jboss.netty.handler.codec.replay.ReplayingDecoder.messageReceived(ReplayingDecoder.java:435) [netty-3.9.3.Final.jar:na]
	at org.jboss.netty.channel.SimpleChannelUpstreamHandler.handleUpstream(SimpleChannelUpstreamHandler.java:70) [netty-3.9.3.Final.jar:na]
	at org.jboss.netty.channel.DefaultChannelPipeline.sendUpstream(DefaultChannelPipeline.java:564) [netty-3.9.3.Final.jar:na]
	at org.jboss.netty.channel.DefaultChannelPipeline.sendUpstream(DefaultChannelPipeline.java:559) [netty-3.9.3.Final.jar:na]
	at org.jboss.netty.channel.Channels.fireMessageReceived(Channels.java:268) [netty-3.9.3.Final.jar:na]
	at org.jboss.netty.channel.Channels.fireMessageReceived(Channels.java:255) [netty-3.9.3.Final.jar:na]
	at org.jboss.netty.channel.socket.nio.NioWorker.read(NioWorker.java:88) [netty-3.9.3.Final.jar:na]
	at org.jboss.netty.channel.socket.nio.AbstractNioWorker.process(AbstractNioWorker.java:108) [netty-3.9.3.Final.jar:na]
	at org.jboss.netty.channel.socket.nio.AbstractNioSelector.run(AbstractNioSelector.java:318) [netty-3.9.3.Final.jar:na]
	at org.jboss.netty.channel.socket.nio.AbstractNioWorker.run(AbstractNioWorker.java:89) [netty-3.9.3.Final.jar:na]
	at org.jboss.netty.channel.socket.nio.NioWorker.run(NioWorker.java:178) [netty-3.9.3.Final.jar:na]
	at org.jboss.netty.util.ThreadRenamingRunnable.run(ThreadRenamingRunnable.java:108) [netty-3.9.3.Final.jar:na]
	at org.jboss.netty.util.internal.DeadLockProofWorker$1.run(DeadLockProofWorker.java:42) [netty-3.9.3.Final.jar:na]
	at java.util.concurrent.ThreadPoolExecutor.runWorker(ThreadPoolExecutor.java:1145) [na:1.7.0_79]
	at java.util.concurrent.ThreadPoolExecutor$Worker.run(ThreadPoolExecutor.java:615) [na:1.7.0_79]
	at java.lang.Thread.run(Thread.java:745) [na:1.7.0_79]
Caused by: java.lang.NullPointerException: null
	at controllers.MailController.getInbox(MailController.java:107) ~[na:na]
	at Routes$$anonfun$routes$1$$anonfun$applyOrElse$66$$anonfun$apply$364.apply(routes_routing.scala:1162) ~[na:na]
	at Routes$$anonfun$routes$1$$anonfun$applyOrElse$66$$anonfun$apply$364.apply(routes_routing.scala:1162) ~[na:na]
	at play.core.Router$HandlerInvokerFactory$$anon$4.resultCall(Router.scala:264) ~[play_2.11-2.3.7.jar:2.3.7]
	at play.core.Router$HandlerInvokerFactory$JavaActionInvokerFactory$$anon$15$$anon$1.invocation(Router.scala:255) ~[play_2.11-2.3.7.jar:2.3.7]
	at play.core.j.JavaAction$$anon$1.call(JavaAction.scala:55) ~[play_2.11-2.3.7.jar:2.3.7]
	at play.GlobalSettings$1.call(GlobalSettings.java:67) ~[play_2.11-2.3.7.jar:2.3.7]
	at play.core.j.JavaAction$$anonfun$11.apply(JavaAction.scala:82) ~[play_2.11-2.3.7.jar:2.3.7]
	at play.core.j.JavaAction$$anonfun$11.apply(JavaAction.scala:82) ~[play_2.11-2.3.7.jar:2.3.7]
	at scala.concurrent.impl.Future$PromiseCompletingRunnable.liftedTree1$1(Future.scala:24) ~[scala-library-2.11.4.jar:na]
	at scala.concurrent.impl.Future$PromiseCompletingRunnable.run(Future.scala:24) ~[scala-library-2.11.4.jar:na]
	at play.core.j.HttpExecutionContext$$anon$2.run(HttpExecutionContext.scala:40) ~[play_2.11-2.3.7.jar:2.3.7]
	at play.api.libs.iteratee.Execution$trampoline$.execute(Execution.scala:46) [play-iteratees_2.11-2.3.7.jar:2.3.7]
	at play.core.j.HttpExecutionContext.execute(HttpExecutionContext.scala:32) ~[play_2.11-2.3.7.jar:2.3.7]
	at scala.concurrent.impl.Future$.apply(Future.scala:31) ~[scala-library-2.11.4.jar:na]
	at scala.concurrent.Future$.apply(Future.scala:492) ~[scala-library-2.11.4.jar:na]
	at play.core.j.JavaAction$class.apply(JavaAction.scala:82) ~[play_2.11-2.3.7.jar:2.3.7]
	at play.core.Router$HandlerInvokerFactory$JavaActionInvokerFactory$$anon$15$$anon$1.apply(Router.scala:252) ~[play_2.11-2.3.7.jar:2.3.7]
	at play.api.mvc.Action$$anonfun$apply$1$$anonfun$apply$4$$anonfun$apply$5.apply(Action.scala:130) ~[play_2.11-2.3.7.jar:2.3.7]
	at play.api.mvc.Action$$anonfun$apply$1$$anonfun$apply$4$$anonfun$apply$5.apply(Action.scala:130) ~[play_2.11-2.3.7.jar:2.3.7]
	at play.utils.Threads$.withContextClassLoader(Threads.scala:21) ~[play_2.11-2.3.7.jar:2.3.7]
	at play.api.mvc.Action$$anonfun$apply$1$$anonfun$apply$4.apply(Action.scala:129) ~[play_2.11-2.3.7.jar:2.3.7]
	at play.api.mvc.Action$$anonfun$apply$1$$anonfun$apply$4.apply(Action.scala:128) ~[play_2.11-2.3.7.jar:2.3.7]
	at scala.Option.map(Option.scala:145) [scala-library-2.11.4.jar:na]
	at play.api.mvc.Action$$anonfun$apply$1.apply(Action.scala:128) ~[play_2.11-2.3.7.jar:2.3.7]
	at play.api.mvc.Action$$anonfun$apply$1.apply(Action.scala:121) ~[play_2.11-2.3.7.jar:2.3.7]
	at play.api.libs.iteratee.Iteratee$$anonfun$mapM$1.apply(Iteratee.scala:483) ~[play-iteratees_2.11-2.3.7.jar:2.3.7]
	at play.api.libs.iteratee.Iteratee$$anonfun$mapM$1.apply(Iteratee.scala:483) ~[play-iteratees_2.11-2.3.7.jar:2.3.7]
	at play.api.libs.iteratee.Iteratee$$anonfun$flatMapM$1.apply(Iteratee.scala:519) ~[play-iteratees_2.11-2.3.7.jar:2.3.7]
	at play.api.libs.iteratee.Iteratee$$anonfun$flatMapM$1.apply(Iteratee.scala:519) ~[play-iteratees_2.11-2.3.7.jar:2.3.7]
	at play.api.libs.iteratee.Iteratee$$anonfun$flatMap$1$$anonfun$apply$14.apply(Iteratee.scala:496) ~[play-iteratees_2.11-2.3.7.jar:2.3.7]
	at play.api.libs.iteratee.Iteratee$$anonfun$flatMap$1$$anonfun$apply$14.apply(Iteratee.scala:496) ~[play-iteratees_2.11-2.3.7.jar:2.3.7]
	at scala.concurrent.impl.Future$PromiseCompletingRunnable.liftedTree1$1(Future.scala:24) ~[scala-library-2.11.4.jar:na]
	at scala.concurrent.impl.Future$PromiseCompletingRunnable.run(Future.scala:24) ~[scala-library-2.11.4.jar:na]
	at akka.dispatch.TaskInvocation.run(AbstractDispatcher.scala:41) ~[akka-actor_2.11-2.3.4.jar:na]
	at akka.dispatch.ForkJoinExecutorConfigurator$AkkaForkJoinTask.exec(AbstractDispatcher.scala:393) ~[akka-actor_2.11-2.3.4.jar:na]
	at scala.concurrent.forkjoin.ForkJoinTask.doExec(ForkJoinTask.java:260) ~[scala-library-2.11.4.jar:na]
	at scala.concurrent.forkjoin.ForkJoinPool$WorkQueue.runTask(ForkJoinPool.java:1339) ~[scala-library-2.11.4.jar:na]
	at scala.concurrent.forkjoin.ForkJoinPool.runWorker(ForkJoinPool.java:1979) ~[scala-library-2.11.4.jar:na]
	at scala.concurrent.forkjoin.ForkJoinWorkerThread.run(ForkJoinWorkerThread.java:107) ~[scala-library-2.11.4.jar:na]

2016-04-22 20:42:55,054 - [ERROR] - from play in play-akka.actor.default-dispatcher-8 
Cannot invoke the action, eventually got an error: java.lang.NullPointerException

2016-04-22 20:42:55,085 - [ERROR] - from application in play-akka.actor.default-dispatcher-8 


! @6pofh9agc - Internal server error, for (GET) [/mail/getInbox/111/json] ->

play.api.Application$$anon$1: Execution exception[[NullPointerException: null]]
	at play.api.Application$class.handleError(Application.scala:296) ~[play_2.11-2.3.7.jar:2.3.7]
	at play.api.DefaultApplication.handleError(Application.scala:402) [play_2.11-2.3.7.jar:2.3.7]
	at play.core.server.netty.PlayDefaultUpstreamHandler$$anonfun$3$$anonfun$applyOrElse$4.apply(PlayDefaultUpstreamHandler.scala:320) [play_2.11-2.3.7.jar:2.3.7]
	at play.core.server.netty.PlayDefaultUpstreamHandler$$anonfun$3$$anonfun$applyOrElse$4.apply(PlayDefaultUpstreamHandler.scala:320) [play_2.11-2.3.7.jar:2.3.7]
	at scala.Option.map(Option.scala:145) [scala-library-2.11.4.jar:na]
	at play.core.server.netty.PlayDefaultUpstreamHandler$$anonfun$3.applyOrElse(PlayDefaultUpstreamHandler.scala:320) [play_2.11-2.3.7.jar:2.3.7]
	at play.core.server.netty.PlayDefaultUpstreamHandler$$anonfun$3.applyOrElse(PlayDefaultUpstreamHandler.scala:316) [play_2.11-2.3.7.jar:2.3.7]
	at scala.concurrent.Future$$anonfun$recoverWith$1.apply(Future.scala:344) [scala-library-2.11.4.jar:na]
	at scala.concurrent.Future$$anonfun$recoverWith$1.apply(Future.scala:343) [scala-library-2.11.4.jar:na]
	at scala.concurrent.impl.CallbackRunnable.run(Promise.scala:32) [scala-library-2.11.4.jar:na]
	at play.api.libs.iteratee.Execution$trampoline$.execute(Execution.scala:46) [play-iteratees_2.11-2.3.7.jar:2.3.7]
	at scala.concurrent.impl.CallbackRunnable.executeWithValue(Promise.scala:40) [scala-library-2.11.4.jar:na]
	at scala.concurrent.impl.Promise$DefaultPromise.tryComplete(Promise.scala:248) [scala-library-2.11.4.jar:na]
	at scala.concurrent.Promise$class.complete(Promise.scala:55) [scala-library-2.11.4.jar:na]
	at scala.concurrent.impl.Promise$DefaultPromise.complete(Promise.scala:153) [scala-library-2.11.4.jar:na]
	at scala.concurrent.impl.Future$PromiseCompletingRunnable.run(Future.scala:23) [scala-library-2.11.4.jar:na]
	at akka.dispatch.TaskInvocation.run(AbstractDispatcher.scala:41) [akka-actor_2.11-2.3.4.jar:na]
	at akka.dispatch.ForkJoinExecutorConfigurator$AkkaForkJoinTask.exec(AbstractDispatcher.scala:393) [akka-actor_2.11-2.3.4.jar:na]
	at scala.concurrent.forkjoin.ForkJoinTask.doExec(ForkJoinTask.java:260) [scala-library-2.11.4.jar:na]
	at scala.concurrent.forkjoin.ForkJoinPool$WorkQueue.runTask(ForkJoinPool.java:1339) [scala-library-2.11.4.jar:na]
	at scala.concurrent.forkjoin.ForkJoinPool.runWorker(ForkJoinPool.java:1979) [scala-library-2.11.4.jar:na]
	at scala.concurrent.forkjoin.ForkJoinWorkerThread.run(ForkJoinWorkerThread.java:107) [scala-library-2.11.4.jar:na]
Caused by: java.lang.NullPointerException: null
	at controllers.MailController.getInbox(MailController.java:107) ~[classes/:na]
	at Routes$$anonfun$routes$1$$anonfun$applyOrElse$66$$anonfun$apply$364.apply(routes_routing.scala:1162) ~[classes/:na]
	at Routes$$anonfun$routes$1$$anonfun$applyOrElse$66$$anonfun$apply$364.apply(routes_routing.scala:1162) ~[classes/:na]
	at play.core.Router$HandlerInvokerFactory$$anon$4.resultCall(Router.scala:264) ~[play_2.11-2.3.7.jar:2.3.7]
	at play.core.Router$HandlerInvokerFactory$JavaActionInvokerFactory$$anon$15$$anon$1.invocation(Router.scala:255) ~[play_2.11-2.3.7.jar:2.3.7]
	at play.core.j.JavaAction$$anon$1.call(JavaAction.scala:55) ~[play_2.11-2.3.7.jar:2.3.7]
	at play.GlobalSettings$1.call(GlobalSettings.java:67) ~[play_2.11-2.3.7.jar:2.3.7]
	at play.core.j.JavaAction$$anonfun$11.apply(JavaAction.scala:82) ~[play_2.11-2.3.7.jar:2.3.7]
	at play.core.j.JavaAction$$anonfun$11.apply(JavaAction.scala:82) ~[play_2.11-2.3.7.jar:2.3.7]
	at scala.concurrent.impl.Future$PromiseCompletingRunnable.liftedTree1$1(Future.scala:24) [scala-library-2.11.4.jar:na]
	at scala.concurrent.impl.Future$PromiseCompletingRunnable.run(Future.scala:24) [scala-library-2.11.4.jar:na]
	at play.core.j.HttpExecutionContext$$anon$2.run(HttpExecutionContext.scala:40) ~[play_2.11-2.3.7.jar:2.3.7]
	at play.api.libs.iteratee.Execution$trampoline$.execute(Execution.scala:46) [play-iteratees_2.11-2.3.7.jar:2.3.7]
	at play.core.j.HttpExecutionContext.execute(HttpExecutionContext.scala:32) ~[play_2.11-2.3.7.jar:2.3.7]
	at scala.concurrent.impl.Future$.apply(Future.scala:31) ~[scala-library-2.11.4.jar:na]
	at scala.concurrent.Future$.apply(Future.scala:492) ~[scala-library-2.11.4.jar:na]
	at play.core.j.JavaAction$class.apply(JavaAction.scala:82) ~[play_2.11-2.3.7.jar:2.3.7]
	at play.core.Router$HandlerInvokerFactory$JavaActionInvokerFactory$$anon$15$$anon$1.apply(Router.scala:252) ~[play_2.11-2.3.7.jar:2.3.7]
	at play.api.mvc.Action$$anonfun$apply$1$$anonfun$apply$4$$anonfun$apply$5.apply(Action.scala:130) ~[play_2.11-2.3.7.jar:2.3.7]
	at play.api.mvc.Action$$anonfun$apply$1$$anonfun$apply$4$$anonfun$apply$5.apply(Action.scala:130) ~[play_2.11-2.3.7.jar:2.3.7]
	at play.utils.Threads$.withContextClassLoader(Threads.scala:21) ~[play_2.11-2.3.7.jar:2.3.7]
	at play.api.mvc.Action$$anonfun$apply$1$$anonfun$apply$4.apply(Action.scala:129) ~[play_2.11-2.3.7.jar:2.3.7]
	at play.api.mvc.Action$$anonfun$apply$1$$anonfun$apply$4.apply(Action.scala:128) ~[play_2.11-2.3.7.jar:2.3.7]
	at scala.Option.map(Option.scala:145) [scala-library-2.11.4.jar:na]
	at play.api.mvc.Action$$anonfun$apply$1.apply(Action.scala:128) ~[play_2.11-2.3.7.jar:2.3.7]
	at play.api.mvc.Action$$anonfun$apply$1.apply(Action.scala:121) ~[play_2.11-2.3.7.jar:2.3.7]
	at play.api.libs.iteratee.Iteratee$$anonfun$mapM$1.apply(Iteratee.scala:483) ~[play-iteratees_2.11-2.3.7.jar:2.3.7]
	at play.api.libs.iteratee.Iteratee$$anonfun$mapM$1.apply(Iteratee.scala:483) ~[play-iteratees_2.11-2.3.7.jar:2.3.7]
	at play.api.libs.iteratee.Iteratee$$anonfun$flatMapM$1.apply(Iteratee.scala:519) ~[play-iteratees_2.11-2.3.7.jar:2.3.7]
	at play.api.libs.iteratee.Iteratee$$anonfun$flatMapM$1.apply(Iteratee.scala:519) ~[play-iteratees_2.11-2.3.7.jar:2.3.7]
	at play.api.libs.iteratee.Iteratee$$anonfun$flatMap$1$$anonfun$apply$14.apply(Iteratee.scala:496) ~[play-iteratees_2.11-2.3.7.jar:2.3.7]
	at play.api.libs.iteratee.Iteratee$$anonfun$flatMap$1$$anonfun$apply$14.apply(Iteratee.scala:496) ~[play-iteratees_2.11-2.3.7.jar:2.3.7]
	at scala.concurrent.impl.Future$PromiseCompletingRunnable.liftedTree1$1(Future.scala:24) [scala-library-2.11.4.jar:na]
	at scala.concurrent.impl.Future$PromiseCompletingRunnable.run(Future.scala:24) [scala-library-2.11.4.jar:na]
	... 6 common frames omitted

2016-04-22 20:42:56,937 - [ERROR] - from play in play-akka.actor.default-dispatcher-9 
Cannot invoke the action, eventually got an error: java.lang.NullPointerException

2016-04-22 20:42:56,943 - [ERROR] - from application in play-akka.actor.default-dispatcher-9 


! @6pofh9d9p - Internal server error, for (GET) [/mail/getInbox/111/json] ->

play.api.Application$$anon$1: Execution exception[[NullPointerException: null]]
	at play.api.Application$class.handleError(Application.scala:296) ~[play_2.11-2.3.7.jar:2.3.7]
	at play.api.DefaultApplication.handleError(Application.scala:402) [play_2.11-2.3.7.jar:2.3.7]
	at play.core.server.netty.PlayDefaultUpstreamHandler$$anonfun$3$$anonfun$applyOrElse$4.apply(PlayDefaultUpstreamHandler.scala:320) [play_2.11-2.3.7.jar:2.3.7]
	at play.core.server.netty.PlayDefaultUpstreamHandler$$anonfun$3$$anonfun$applyOrElse$4.apply(PlayDefaultUpstreamHandler.scala:320) [play_2.11-2.3.7.jar:2.3.7]
	at scala.Option.map(Option.scala:145) [scala-library-2.11.4.jar:na]
	at play.core.server.netty.PlayDefaultUpstreamHandler$$anonfun$3.applyOrElse(PlayDefaultUpstreamHandler.scala:320) [play_2.11-2.3.7.jar:2.3.7]
	at play.core.server.netty.PlayDefaultUpstreamHandler$$anonfun$3.applyOrElse(PlayDefaultUpstreamHandler.scala:316) [play_2.11-2.3.7.jar:2.3.7]
	at scala.concurrent.Future$$anonfun$recoverWith$1.apply(Future.scala:344) [scala-library-2.11.4.jar:na]
	at scala.concurrent.Future$$anonfun$recoverWith$1.apply(Future.scala:343) [scala-library-2.11.4.jar:na]
	at scala.concurrent.impl.CallbackRunnable.run(Promise.scala:32) [scala-library-2.11.4.jar:na]
	at play.api.libs.iteratee.Execution$trampoline$.execute(Execution.scala:46) [play-iteratees_2.11-2.3.7.jar:2.3.7]
	at scala.concurrent.impl.CallbackRunnable.executeWithValue(Promise.scala:40) [scala-library-2.11.4.jar:na]
	at scala.concurrent.impl.Promise$DefaultPromise.tryComplete(Promise.scala:248) [scala-library-2.11.4.jar:na]
	at scala.concurrent.Promise$class.complete(Promise.scala:55) [scala-library-2.11.4.jar:na]
	at scala.concurrent.impl.Promise$DefaultPromise.complete(Promise.scala:153) [scala-library-2.11.4.jar:na]
	at scala.concurrent.impl.Future$PromiseCompletingRunnable.run(Future.scala:23) [scala-library-2.11.4.jar:na]
	at akka.dispatch.TaskInvocation.run(AbstractDispatcher.scala:41) [akka-actor_2.11-2.3.4.jar:na]
	at akka.dispatch.ForkJoinExecutorConfigurator$AkkaForkJoinTask.exec(AbstractDispatcher.scala:393) [akka-actor_2.11-2.3.4.jar:na]
	at scala.concurrent.forkjoin.ForkJoinTask.doExec(ForkJoinTask.java:260) [scala-library-2.11.4.jar:na]
	at scala.concurrent.forkjoin.ForkJoinPool$WorkQueue.runTask(ForkJoinPool.java:1339) [scala-library-2.11.4.jar:na]
	at scala.concurrent.forkjoin.ForkJoinPool.runWorker(ForkJoinPool.java:1979) [scala-library-2.11.4.jar:na]
	at scala.concurrent.forkjoin.ForkJoinWorkerThread.run(ForkJoinWorkerThread.java:107) [scala-library-2.11.4.jar:na]
Caused by: java.lang.NullPointerException: null
	at controllers.MailController.getInbox(MailController.java:107) ~[classes/:na]
	at Routes$$anonfun$routes$1$$anonfun$applyOrElse$66$$anonfun$apply$364.apply(routes_routing.scala:1162) ~[classes/:na]
	at Routes$$anonfun$routes$1$$anonfun$applyOrElse$66$$anonfun$apply$364.apply(routes_routing.scala:1162) ~[classes/:na]
	at play.core.Router$HandlerInvokerFactory$$anon$4.resultCall(Router.scala:264) ~[play_2.11-2.3.7.jar:2.3.7]
	at play.core.Router$HandlerInvokerFactory$JavaActionInvokerFactory$$anon$15$$anon$1.invocation(Router.scala:255) ~[play_2.11-2.3.7.jar:2.3.7]
	at play.core.j.JavaAction$$anon$1.call(JavaAction.scala:55) ~[play_2.11-2.3.7.jar:2.3.7]
	at play.GlobalSettings$1.call(GlobalSettings.java:67) ~[play_2.11-2.3.7.jar:2.3.7]
	at play.core.j.JavaAction$$anonfun$11.apply(JavaAction.scala:82) ~[play_2.11-2.3.7.jar:2.3.7]
	at play.core.j.JavaAction$$anonfun$11.apply(JavaAction.scala:82) ~[play_2.11-2.3.7.jar:2.3.7]
	at scala.concurrent.impl.Future$PromiseCompletingRunnable.liftedTree1$1(Future.scala:24) [scala-library-2.11.4.jar:na]
	at scala.concurrent.impl.Future$PromiseCompletingRunnable.run(Future.scala:24) [scala-library-2.11.4.jar:na]
	at play.core.j.HttpExecutionContext$$anon$2.run(HttpExecutionContext.scala:40) ~[play_2.11-2.3.7.jar:2.3.7]
	at play.api.libs.iteratee.Execution$trampoline$.execute(Execution.scala:46) [play-iteratees_2.11-2.3.7.jar:2.3.7]
	at play.core.j.HttpExecutionContext.execute(HttpExecutionContext.scala:32) ~[play_2.11-2.3.7.jar:2.3.7]
	at scala.concurrent.impl.Future$.apply(Future.scala:31) ~[scala-library-2.11.4.jar:na]
	at scala.concurrent.Future$.apply(Future.scala:492) ~[scala-library-2.11.4.jar:na]
	at play.core.j.JavaAction$class.apply(JavaAction.scala:82) ~[play_2.11-2.3.7.jar:2.3.7]
	at play.core.Router$HandlerInvokerFactory$JavaActionInvokerFactory$$anon$15$$anon$1.apply(Router.scala:252) ~[play_2.11-2.3.7.jar:2.3.7]
	at play.api.mvc.Action$$anonfun$apply$1$$anonfun$apply$4$$anonfun$apply$5.apply(Action.scala:130) ~[play_2.11-2.3.7.jar:2.3.7]
	at play.api.mvc.Action$$anonfun$apply$1$$anonfun$apply$4$$anonfun$apply$5.apply(Action.scala:130) ~[play_2.11-2.3.7.jar:2.3.7]
	at play.utils.Threads$.withContextClassLoader(Threads.scala:21) ~[play_2.11-2.3.7.jar:2.3.7]
	at play.api.mvc.Action$$anonfun$apply$1$$anonfun$apply$4.apply(Action.scala:129) ~[play_2.11-2.3.7.jar:2.3.7]
	at play.api.mvc.Action$$anonfun$apply$1$$anonfun$apply$4.apply(Action.scala:128) ~[play_2.11-2.3.7.jar:2.3.7]
	at scala.Option.map(Option.scala:145) [scala-library-2.11.4.jar:na]
	at play.api.mvc.Action$$anonfun$apply$1.apply(Action.scala:128) ~[play_2.11-2.3.7.jar:2.3.7]
	at play.api.mvc.Action$$anonfun$apply$1.apply(Action.scala:121) ~[play_2.11-2.3.7.jar:2.3.7]
	at play.api.libs.iteratee.Iteratee$$anonfun$mapM$1.apply(Iteratee.scala:483) ~[play-iteratees_2.11-2.3.7.jar:2.3.7]
	at play.api.libs.iteratee.Iteratee$$anonfun$mapM$1.apply(Iteratee.scala:483) ~[play-iteratees_2.11-2.3.7.jar:2.3.7]
	at play.api.libs.iteratee.Iteratee$$anonfun$flatMapM$1.apply(Iteratee.scala:519) ~[play-iteratees_2.11-2.3.7.jar:2.3.7]
	at play.api.libs.iteratee.Iteratee$$anonfun$flatMapM$1.apply(Iteratee.scala:519) ~[play-iteratees_2.11-2.3.7.jar:2.3.7]
	at play.api.libs.iteratee.Iteratee$$anonfun$flatMap$1$$anonfun$apply$14.apply(Iteratee.scala:496) ~[play-iteratees_2.11-2.3.7.jar:2.3.7]
	at play.api.libs.iteratee.Iteratee$$anonfun$flatMap$1$$anonfun$apply$14.apply(Iteratee.scala:496) ~[play-iteratees_2.11-2.3.7.jar:2.3.7]
	at scala.concurrent.impl.Future$PromiseCompletingRunnable.liftedTree1$1(Future.scala:24) [scala-library-2.11.4.jar:na]
	at scala.concurrent.impl.Future$PromiseCompletingRunnable.run(Future.scala:24) [scala-library-2.11.4.jar:na]
	... 6 common frames omitted

